<?xml version="1.0" encoding="UTF-8"?>
<!-- Generated by org.testng.reporters.JUnitReportReporter -->
<testsuite hostname="DESKTOP-1GGKMTQ" failures="0" tests="1" name="com.tests.SignUpTest" time="19.400" errors="0" timestamp="2023-03-15T00:48:29 IST" skipped="0">
  <testcase classname="com.tests.SignUpTest" name="SignUp" time="19.400"/>
  <system-out/>
</testsuite> <!-- com.tests.SignUpTest -->
