<?xml version="1.0" encoding="UTF-8"?>
<!-- Generated by org.testng.reporters.JUnitReportReporter -->
<testsuite hostname="DESKTOP-1GGKMTQ" failures="0" tests="1" name="com.tests.SignUpPg" time="19.947" errors="0" timestamp="2023-03-14T23:49:42 IST" skipped="0">
  <testcase classname="com.tests.SignUpPg" name="SignUp" time="19.947"/>
  <system-out/>
</testsuite> <!-- com.tests.SignUpPg -->
